[handleMsg]:  { type: 'text', from: '573007786993', to: '15551013810', body: '1' }
[sendQueue_A]:  {
  ref: 'ans_0db45054-e78d-458b-97fa-b1aa1faf2caf',
  keyword: 'key_6d418535-3e70-4668-b562-9bb04601229e',
  answer: 'Hola 👋 soy *Guía Bot* 🤖 de Practipastas.',
  options: {
    media: null,
    buttons: [],
    capture: false,
    child: null,
    delay: 0,
    nested: [
      [Object], [Object],
      [Object], [Object],
      [Object], [Object],
      [Object], [Object],
      [Object], [Object]
    ],
    keyword: {},
    callback: true
  },
  refSerialize: 'ea7e0698b16d99a992b14252c945292e'
}
[sendProviderAndSave]:  {
  ref: 'ans_0db45054-e78d-458b-97fa-b1aa1faf2caf',
  keyword: 'key_6d418535-3e70-4668-b562-9bb04601229e',
  answer: 'Hola 👋 soy *Guía Bot* 🤖 de Practipastas.',
  options: {
    media: null,
    buttons: [],
    capture: false,
    child: null,
    delay: 0,
    nested: [
      [Object], [Object],
      [Object], [Object],
      [Object], [Object],
      [Object], [Object],
      [Object], [Object]
    ],
    keyword: {},
    callback: true
  },
  refSerialize: 'ea7e0698b16d99a992b14252c945292e'
}
[providerClass.sendMessage]:  {
  ref: 'ans_0db45054-e78d-458b-97fa-b1aa1faf2caf',
  keyword: 'key_6d418535-3e70-4668-b562-9bb04601229e',
  answer: 'Hola 👋 soy *Guía Bot* 🤖 de Practipastas.',
  options: {
    media: null,
    buttons: [],
    capture: false,
    child: null,
    delay: 0,
    nested: [
      [Object], [Object],
      [Object], [Object],
      [Object], [Object],
      [Object], [Object],
      [Object], [Object]
    ],
    keyword: {},
    callback: true
  },
  refSerialize: 'ea7e0698b16d99a992b14252c945292e'
}
[databaseClass.save]:  {
  ref: 'ans_0db45054-e78d-458b-97fa-b1aa1faf2caf',
  keyword: 'key_6d418535-3e70-4668-b562-9bb04601229e',
  answer: 'Hola 👋 soy *Guía Bot* 🤖 de Practipastas.',
  options: {
    media: null,
    buttons: [],
    capture: false,
    child: null,
    delay: 0,
    nested: [
      [Object], [Object],
      [Object], [Object],
      [Object], [Object],
      [Object], [Object],
      [Object], [Object]
    ],
    keyword: {},
    callback: true
  },
  refSerialize: 'ea7e0698b16d99a992b14252c945292e'
}
[QUEUE_SE_ENVIO]:  {
  ref: 'ans_0db45054-e78d-458b-97fa-b1aa1faf2caf',
  keyword: 'key_6d418535-3e70-4668-b562-9bb04601229e',
  answer: 'Hola 👋 soy *Guía Bot* 🤖 de Practipastas.',
  options: {
    media: null,
    buttons: [],
    capture: false,
    child: null,
    delay: 0,
    nested: [
      [Object], [Object],
      [Object], [Object],
      [Object], [Object],
      [Object], [Object],
      [Object], [Object]
    ],
    keyword: {},
    callback: true
  },
  refSerialize: 'ea7e0698b16d99a992b14252c945292e'
}
[handleMsg]:  { type: 'text', from: '573007786993', to: '15551013810', body: 'hola' }
[handleMsg]:  { type: 'text', from: '573007786993', to: '15551013810', body: 'hola' }
[sendQueue_A]:  {
  ref: 'ans_0db45054-e78d-458b-97fa-b1aa1faf2caf',
  keyword: 'key_6d418535-3e70-4668-b562-9bb04601229e',
  answer: 'Hola 👋 soy *Guía Bot* 🤖 de Practipastas.',
  options: {
    media: null,
    buttons: [],
    capture: false,
    child: null,
    delay: 0,
    nested: [
      [Object], [Object],
      [Object], [Object],
      [Object], [Object],
      [Object], [Object],
      [Object], [Object]
    ],
    keyword: {},
    callback: true
  },
  refSerialize: 'ea7e0698b16d99a992b14252c945292e'
}
[sendProviderAndSave]:  {
  ref: 'ans_0db45054-e78d-458b-97fa-b1aa1faf2caf',
  keyword: 'key_6d418535-3e70-4668-b562-9bb04601229e',
  answer: 'Hola 👋 soy *Guía Bot* 🤖 de Practipastas.',
  options: {
    media: null,
    buttons: [],
    capture: false,
    child: null,
    delay: 0,
    nested: [
      [Object], [Object],
      [Object], [Object],
      [Object], [Object],
      [Object], [Object],
      [Object], [Object]
    ],
    keyword: {},
    callback: true
  },
  refSerialize: 'ea7e0698b16d99a992b14252c945292e'
}
[providerClass.sendMessage]:  {
  ref: 'ans_0db45054-e78d-458b-97fa-b1aa1faf2caf',
  keyword: 'key_6d418535-3e70-4668-b562-9bb04601229e',
  answer: 'Hola 👋 soy *Guía Bot* 🤖 de Practipastas.',
  options: {
    media: null,
    buttons: [],
    capture: false,
    child: null,
    delay: 0,
    nested: [
      [Object], [Object],
      [Object], [Object],
      [Object], [Object],
      [Object], [Object],
      [Object], [Object]
    ],
    keyword: {},
    callback: true
  },
  refSerialize: 'ea7e0698b16d99a992b14252c945292e'
}
[databaseClass.save]:  {
  ref: 'ans_0db45054-e78d-458b-97fa-b1aa1faf2caf',
  keyword: 'key_6d418535-3e70-4668-b562-9bb04601229e',
  answer: 'Hola 👋 soy *Guía Bot* 🤖 de Practipastas.',
  options: {
    media: null,
    buttons: [],
    capture: false,
    child: null,
    delay: 0,
    nested: [
      [Object], [Object],
      [Object], [Object],
      [Object], [Object],
      [Object], [Object],
      [Object], [Object]
    ],
    keyword: {},
    callback: true
  },
  refSerialize: 'ea7e0698b16d99a992b14252c945292e'
}
[QUEUE_SE_ENVIO]:  {
  ref: 'ans_0db45054-e78d-458b-97fa-b1aa1faf2caf',
  keyword: 'key_6d418535-3e70-4668-b562-9bb04601229e',
  answer: 'Hola 👋 soy *Guía Bot* 🤖 de Practipastas.',
  options: {
    media: null,
    buttons: [],
    capture: false,
    child: null,
    delay: 0,
    nested: [
      [Object], [Object],
      [Object], [Object],
      [Object], [Object],
      [Object], [Object],
      [Object], [Object]
    ],
    keyword: {},
    callback: true
  },
  refSerialize: 'ea7e0698b16d99a992b14252c945292e'
}
[handleMsg]:  {
  type: 'interactive',
  from: '573007786993',
  to: '15551013810',
  body: 'services-1',
  title_list_reply: '1. Pedido Nuevo'
}
[sendQueue_A]:  {
  ref: 'ans_a4fa5a94-a5e3-4d31-ae07-4dc11b57db2c',
  keyword: 'key_5c6f3a0e-a442-427e-bfda-9f234d31f03f',
  answer: 'Acontinuación escribe que producto deseas llevar 👇\n' +
    '1️⃣ Empanadas\n' +
    '2️⃣ Flautas\n' +
    '3️⃣ Horneables\n' +
    '4️⃣ Bolsas',
  options: {
    media: null,
    buttons: [],
    capture: true,
    child: null,
    delay: 0,
    nested: [
      [Object], [Object],
      [Object], [Object],
      [Object], [Object],
      [Object], [Object]
    ],
    keyword: {},
    callback: true
  },
  refSerialize: '1a7fe79a274aa51f6d4e4c788b648b28'
}
[sendProviderAndSave]:  {
  ref: 'ans_a4fa5a94-a5e3-4d31-ae07-4dc11b57db2c',
  keyword: 'key_5c6f3a0e-a442-427e-bfda-9f234d31f03f',
  answer: 'Acontinuación escribe que producto deseas llevar 👇\n' +
    '1️⃣ Empanadas\n' +
    '2️⃣ Flautas\n' +
    '3️⃣ Horneables\n' +
    '4️⃣ Bolsas',
  options: {
    media: null,
    buttons: [],
    capture: true,
    child: null,
    delay: 0,
    nested: [
      [Object], [Object],
      [Object], [Object],
      [Object], [Object],
      [Object], [Object]
    ],
    keyword: {},
    callback: true
  },
  refSerialize: '1a7fe79a274aa51f6d4e4c788b648b28'
}
[providerClass.sendMessage]:  {
  ref: 'ans_a4fa5a94-a5e3-4d31-ae07-4dc11b57db2c',
  keyword: 'key_5c6f3a0e-a442-427e-bfda-9f234d31f03f',
  answer: 'Acontinuación escribe que producto deseas llevar 👇\n' +
    '1️⃣ Empanadas\n' +
    '2️⃣ Flautas\n' +
    '3️⃣ Horneables\n' +
    '4️⃣ Bolsas',
  options: {
    media: null,
    buttons: [],
    capture: true,
    child: null,
    delay: 0,
    nested: [
      [Object], [Object],
      [Object], [Object],
      [Object], [Object],
      [Object], [Object]
    ],
    keyword: {},
    callback: true
  },
  refSerialize: '1a7fe79a274aa51f6d4e4c788b648b28'
}
[databaseClass.save]:  {
  ref: 'ans_a4fa5a94-a5e3-4d31-ae07-4dc11b57db2c',
  keyword: 'key_5c6f3a0e-a442-427e-bfda-9f234d31f03f',
  answer: 'Acontinuación escribe que producto deseas llevar 👇\n' +
    '1️⃣ Empanadas\n' +
    '2️⃣ Flautas\n' +
    '3️⃣ Horneables\n' +
    '4️⃣ Bolsas',
  options: {
    media: null,
    buttons: [],
    capture: true,
    child: null,
    delay: 0,
    nested: [
      [Object], [Object],
      [Object], [Object],
      [Object], [Object],
      [Object], [Object]
    ],
    keyword: {},
    callback: true
  },
  refSerialize: '1a7fe79a274aa51f6d4e4c788b648b28'
}
[QUEUE_SE_ENVIO]:  {
  ref: 'ans_a4fa5a94-a5e3-4d31-ae07-4dc11b57db2c',
  keyword: 'key_5c6f3a0e-a442-427e-bfda-9f234d31f03f',
  answer: 'Acontinuación escribe que producto deseas llevar 👇\n' +
    '1️⃣ Empanadas\n' +
    '2️⃣ Flautas\n' +
    '3️⃣ Horneables\n' +
    '4️⃣ Bolsas',
  options: {
    media: null,
    buttons: [],
    capture: true,
    child: null,
    delay: 0,
    nested: [
      [Object], [Object],
      [Object], [Object],
      [Object], [Object],
      [Object], [Object]
    ],
    keyword: {},
    callback: true
  },
  refSerialize: '1a7fe79a274aa51f6d4e4c788b648b28'
}
[handleMsg]:  { type: 'text', from: '573007786993', to: '15551013810', body: '1' }
[sendQueue_A]:  {
  ref: 'ans_87817c6d-fdd5-471f-90b2-746036586ada',
  keyword: 'key_414e6bab-856a-41d6-85dd-ec4f45a4e249',
  answer: 'Seleccionar productos 👇\n' +
    '1️⃣ AMARILLA-EMPANADA TRADICIONAL O4 *Precio:* $ 3700\n' +
    '2️⃣ X 12 CM-EMPANADA MEDIANA  *Precio:* $ 3100\n' +
    '3️⃣ BLANCA-EMPANADA GRANDE 03 *Precio:* $ 4050\n' +
    '4️⃣ ROJA-EMPANADA GRANDE 01 x 15  *Precio:* $ 3800\n' +
    '5️⃣ EMPANADA PASABOCA *Precio:* $ 2800',
  options: {
    media: null,
    buttons: [],
    capture: true,
    child: null,
    delay: 0,
    nested: [],
    keyword: {},
    callback: true
  },
  refSerialize: '4a7a544a1880aec6adb631b3728d6787'
}
[sendProviderAndSave]:  {
  ref: 'ans_87817c6d-fdd5-471f-90b2-746036586ada',
  keyword: 'key_414e6bab-856a-41d6-85dd-ec4f45a4e249',
  answer: 'Seleccionar productos 👇\n' +
    '1️⃣ AMARILLA-EMPANADA TRADICIONAL O4 *Precio:* $ 3700\n' +
    '2️⃣ X 12 CM-EMPANADA MEDIANA  *Precio:* $ 3100\n' +
    '3️⃣ BLANCA-EMPANADA GRANDE 03 *Precio:* $ 4050\n' +
    '4️⃣ ROJA-EMPANADA GRANDE 01 x 15  *Precio:* $ 3800\n' +
    '5️⃣ EMPANADA PASABOCA *Precio:* $ 2800',
  options: {
    media: null,
    buttons: [],
    capture: true,
    child: null,
    delay: 0,
    nested: [],
    keyword: {},
    callback: true
  },
  refSerialize: '4a7a544a1880aec6adb631b3728d6787'
}
[providerClass.sendMessage]:  {
  ref: 'ans_87817c6d-fdd5-471f-90b2-746036586ada',
  keyword: 'key_414e6bab-856a-41d6-85dd-ec4f45a4e249',
  answer: 'Seleccionar productos 👇\n' +
    '1️⃣ AMARILLA-EMPANADA TRADICIONAL O4 *Precio:* $ 3700\n' +
    '2️⃣ X 12 CM-EMPANADA MEDIANA  *Precio:* $ 3100\n' +
    '3️⃣ BLANCA-EMPANADA GRANDE 03 *Precio:* $ 4050\n' +
    '4️⃣ ROJA-EMPANADA GRANDE 01 x 15  *Precio:* $ 3800\n' +
    '5️⃣ EMPANADA PASABOCA *Precio:* $ 2800',
  options: {
    media: null,
    buttons: [],
    capture: true,
    child: null,
    delay: 0,
    nested: [],
    keyword: {},
    callback: true
  },
  refSerialize: '4a7a544a1880aec6adb631b3728d6787'
}
[databaseClass.save]:  {
  ref: 'ans_87817c6d-fdd5-471f-90b2-746036586ada',
  keyword: 'key_414e6bab-856a-41d6-85dd-ec4f45a4e249',
  answer: 'Seleccionar productos 👇\n' +
    '1️⃣ AMARILLA-EMPANADA TRADICIONAL O4 *Precio:* $ 3700\n' +
    '2️⃣ X 12 CM-EMPANADA MEDIANA  *Precio:* $ 3100\n' +
    '3️⃣ BLANCA-EMPANADA GRANDE 03 *Precio:* $ 4050\n' +
    '4️⃣ ROJA-EMPANADA GRANDE 01 x 15  *Precio:* $ 3800\n' +
    '5️⃣ EMPANADA PASABOCA *Precio:* $ 2800',
  options: {
    media: null,
    buttons: [],
    capture: true,
    child: null,
    delay: 0,
    nested: [],
    keyword: {},
    callback: true
  },
  refSerialize: '4a7a544a1880aec6adb631b3728d6787'
}
[QUEUE_SE_ENVIO]:  {
  ref: 'ans_87817c6d-fdd5-471f-90b2-746036586ada',
  keyword: 'key_414e6bab-856a-41d6-85dd-ec4f45a4e249',
  answer: 'Seleccionar productos 👇\n' +
    '1️⃣ AMARILLA-EMPANADA TRADICIONAL O4 *Precio:* $ 3700\n' +
    '2️⃣ X 12 CM-EMPANADA MEDIANA  *Precio:* $ 3100\n' +
    '3️⃣ BLANCA-EMPANADA GRANDE 03 *Precio:* $ 4050\n' +
    '4️⃣ ROJA-EMPANADA GRANDE 01 x 15  *Precio:* $ 3800\n' +
    '5️⃣ EMPANADA PASABOCA *Precio:* $ 2800',
  options: {
    media: null,
    buttons: [],
    capture: true,
    child: null,
    delay: 0,
    nested: [],
    keyword: {},
    callback: true
  },
  refSerialize: '4a7a544a1880aec6adb631b3728d6787'
}
[handleMsg]:  { type: 'text', from: '573007786993', to: '15551013810', body: '2' }
[sendProviderAndSave]:  {
  ref: 'ans_15aeec17-064a-4bbd-882d-4b37d4e5a85c',
  keyword: 'key_eae7b2c7-11ea-4fc2-82ca-c8b4df0e543f',
  answer: 'Ingresa la cantidad',
  options: {
    media: null,
    buttons: [],
    capture: true,
    child: null,
    delay: 0,
    nested: [],
    keyword: {},
    callback: true
  },
  refSerialize: '0aae28e12a012a6348be98975bd333fd'
}
[providerClass.sendMessage]:  {
  ref: 'ans_15aeec17-064a-4bbd-882d-4b37d4e5a85c',
  keyword: 'key_eae7b2c7-11ea-4fc2-82ca-c8b4df0e543f',
  answer: 'Ingresa la cantidad',
  options: {
    media: null,
    buttons: [],
    capture: true,
    child: null,
    delay: 0,
    nested: [],
    keyword: {},
    callback: true
  },
  refSerialize: '0aae28e12a012a6348be98975bd333fd'
}
[databaseClass.save]:  {
  ref: 'ans_15aeec17-064a-4bbd-882d-4b37d4e5a85c',
  keyword: 'key_eae7b2c7-11ea-4fc2-82ca-c8b4df0e543f',
  answer: 'Ingresa la cantidad',
  options: {
    media: null,
    buttons: [],
    capture: true,
    child: null,
    delay: 0,
    nested: [],
    keyword: {},
    callback: true
  },
  refSerialize: '0aae28e12a012a6348be98975bd333fd'
}
[handleMsg]:  { type: 'text', from: '573007786993', to: '15551013810', body: '5' }
[sendProviderAndSave]:  {
  ref: 'ans_198a23d1-a8f1-42e5-b4d8-d42b20582871',
  keyword: 'key_01e6c715-e52a-442c-875d-e15557868dc8',
  answer: '¿Deseas agregar más productos ?',
  options: {
    media: null,
    buttons: [ [Object], [Object] ],
    capture: true,
    child: null,
    delay: 0,
    nested: [],
    keyword: {},
    callback: true
  },
  refSerialize: '47810cd2863814d5cdc9d46684fdc3f6'
}
[providerClass.sendMessage]:  {
  ref: 'ans_198a23d1-a8f1-42e5-b4d8-d42b20582871',
  keyword: 'key_01e6c715-e52a-442c-875d-e15557868dc8',
  answer: '¿Deseas agregar más productos ?',
  options: {
    media: null,
    buttons: [ [Object], [Object] ],
    capture: true,
    child: null,
    delay: 0,
    nested: [],
    keyword: {},
    callback: true
  },
  refSerialize: '47810cd2863814d5cdc9d46684fdc3f6'
}
[databaseClass.save]:  {
  ref: 'ans_198a23d1-a8f1-42e5-b4d8-d42b20582871',
  keyword: 'key_01e6c715-e52a-442c-875d-e15557868dc8',
  answer: '¿Deseas agregar más productos ?',
  options: {
    media: null,
    buttons: [ [Object], [Object] ],
    capture: true,
    child: null,
    delay: 0,
    nested: [],
    keyword: {},
    callback: true
  },
  refSerialize: '47810cd2863814d5cdc9d46684fdc3f6'
}
[handleMsg]:  { type: 'text', from: '573007786993', to: '15551013810', body: '1' }
[sendProviderAndSave]:  {
  ref: 'ans_a4fa5a94-a5e3-4d31-ae07-4dc11b57db2c',
  keyword: 'key_5c6f3a0e-a442-427e-bfda-9f234d31f03f',
  answer: 'Acontinuación escribe que producto deseas llevar 👇\n' +
    '1️⃣ Empanadas\n' +
    '2️⃣ Flautas\n' +
    '3️⃣ Horneables\n' +
    '4️⃣ Bolsas',
  options: {
    media: null,
    buttons: [],
    capture: true,
    child: null,
    delay: 0,
    nested: [
      [Object], [Object],
      [Object], [Object],
      [Object], [Object],
      [Object], [Object]
    ],
    keyword: {},
    callback: true
  }
}
[providerClass.sendMessage]:  {
  ref: 'ans_a4fa5a94-a5e3-4d31-ae07-4dc11b57db2c',
  keyword: 'key_5c6f3a0e-a442-427e-bfda-9f234d31f03f',
  answer: 'Acontinuación escribe que producto deseas llevar 👇\n' +
    '1️⃣ Empanadas\n' +
    '2️⃣ Flautas\n' +
    '3️⃣ Horneables\n' +
    '4️⃣ Bolsas',
  options: {
    media: null,
    buttons: [],
    capture: true,
    child: null,
    delay: 0,
    nested: [
      [Object], [Object],
      [Object], [Object],
      [Object], [Object],
      [Object], [Object]
    ],
    keyword: {},
    callback: true
  }
}
[databaseClass.save]:  {
  ref: 'ans_a4fa5a94-a5e3-4d31-ae07-4dc11b57db2c',
  keyword: 'key_5c6f3a0e-a442-427e-bfda-9f234d31f03f',
  answer: 'Acontinuación escribe que producto deseas llevar 👇\n' +
    '1️⃣ Empanadas\n' +
    '2️⃣ Flautas\n' +
    '3️⃣ Horneables\n' +
    '4️⃣ Bolsas',
  options: {
    media: null,
    buttons: [],
    capture: true,
    child: null,
    delay: 0,
    nested: [
      [Object], [Object],
      [Object], [Object],
      [Object], [Object],
      [Object], [Object]
    ],
    keyword: {},
    callback: true
  }
}
[handleMsg]:  { type: 'text', from: '573007786993', to: '15551013810', body: '3' }
[sendQueue_A]:  {
  ref: 'ans_433e7659-6c7c-4687-9111-4b2b0524316d',
  keyword: 'key_6c9fddb9-fa2e-41ac-964b-045c034f5e04',
  answer: 'Seleccionar productos 👇\n' +
    '1️⃣ HORNEABLE * 13 CM *Precio:* $ 3800\n' +
    '2️⃣ HORNEABLE *15 CM  *Precio:* $ 3700',
  options: {
    media: null,
    buttons: [],
    capture: true,
    child: null,
    delay: 0,
    nested: [],
    keyword: {},
    callback: true
  },
  refSerialize: 'bbc8619e0a23b048800aee36bf6c0844'
}
[sendProviderAndSave]:  {
  ref: 'ans_433e7659-6c7c-4687-9111-4b2b0524316d',
  keyword: 'key_6c9fddb9-fa2e-41ac-964b-045c034f5e04',
  answer: 'Seleccionar productos 👇\n' +
    '1️⃣ HORNEABLE * 13 CM *Precio:* $ 3800\n' +
    '2️⃣ HORNEABLE *15 CM  *Precio:* $ 3700',
  options: {
    media: null,
    buttons: [],
    capture: true,
    child: null,
    delay: 0,
    nested: [],
    keyword: {},
    callback: true
  },
  refSerialize: 'bbc8619e0a23b048800aee36bf6c0844'
}
[providerClass.sendMessage]:  {
  ref: 'ans_433e7659-6c7c-4687-9111-4b2b0524316d',
  keyword: 'key_6c9fddb9-fa2e-41ac-964b-045c034f5e04',
  answer: 'Seleccionar productos 👇\n' +
    '1️⃣ HORNEABLE * 13 CM *Precio:* $ 3800\n' +
    '2️⃣ HORNEABLE *15 CM  *Precio:* $ 3700',
  options: {
    media: null,
    buttons: [],
    capture: true,
    child: null,
    delay: 0,
    nested: [],
    keyword: {},
    callback: true
  },
  refSerialize: 'bbc8619e0a23b048800aee36bf6c0844'
}
[databaseClass.save]:  {
  ref: 'ans_433e7659-6c7c-4687-9111-4b2b0524316d',
  keyword: 'key_6c9fddb9-fa2e-41ac-964b-045c034f5e04',
  answer: 'Seleccionar productos 👇\n' +
    '1️⃣ HORNEABLE * 13 CM *Precio:* $ 3800\n' +
    '2️⃣ HORNEABLE *15 CM  *Precio:* $ 3700',
  options: {
    media: null,
    buttons: [],
    capture: true,
    child: null,
    delay: 0,
    nested: [],
    keyword: {},
    callback: true
  },
  refSerialize: 'bbc8619e0a23b048800aee36bf6c0844'
}
[QUEUE_SE_ENVIO]:  {
  ref: 'ans_433e7659-6c7c-4687-9111-4b2b0524316d',
  keyword: 'key_6c9fddb9-fa2e-41ac-964b-045c034f5e04',
  answer: 'Seleccionar productos 👇\n' +
    '1️⃣ HORNEABLE * 13 CM *Precio:* $ 3800\n' +
    '2️⃣ HORNEABLE *15 CM  *Precio:* $ 3700',
  options: {
    media: null,
    buttons: [],
    capture: true,
    child: null,
    delay: 0,
    nested: [],
    keyword: {},
    callback: true
  },
  refSerialize: 'bbc8619e0a23b048800aee36bf6c0844'
}
[handleMsg]:  { type: 'text', from: '573007786993', to: '15551013810', body: '1' }
[sendProviderAndSave]:  {
  ref: 'ans_15aeec17-064a-4bbd-882d-4b37d4e5a85c',
  keyword: 'key_eae7b2c7-11ea-4fc2-82ca-c8b4df0e543f',
  answer: 'Ingresa la cantidad',
  options: {
    media: null,
    buttons: [],
    capture: true,
    child: null,
    delay: 0,
    nested: [],
    keyword: {},
    callback: true
  },
  refSerialize: '0aae28e12a012a6348be98975bd333fd'
}
[providerClass.sendMessage]:  {
  ref: 'ans_15aeec17-064a-4bbd-882d-4b37d4e5a85c',
  keyword: 'key_eae7b2c7-11ea-4fc2-82ca-c8b4df0e543f',
  answer: 'Ingresa la cantidad',
  options: {
    media: null,
    buttons: [],
    capture: true,
    child: null,
    delay: 0,
    nested: [],
    keyword: {},
    callback: true
  },
  refSerialize: '0aae28e12a012a6348be98975bd333fd'
}
[databaseClass.save]:  {
  ref: 'ans_15aeec17-064a-4bbd-882d-4b37d4e5a85c',
  keyword: 'key_eae7b2c7-11ea-4fc2-82ca-c8b4df0e543f',
  answer: 'Ingresa la cantidad',
  options: {
    media: null,
    buttons: [],
    capture: true,
    child: null,
    delay: 0,
    nested: [],
    keyword: {},
    callback: true
  },
  refSerialize: '0aae28e12a012a6348be98975bd333fd'
}
[handleMsg]:  { type: 'text', from: '573007786993', to: '15551013810', body: '2' }
[sendProviderAndSave]:  {
  ref: 'ans_198a23d1-a8f1-42e5-b4d8-d42b20582871',
  keyword: 'key_01e6c715-e52a-442c-875d-e15557868dc8',
  answer: '¿Deseas agregar más productos ?',
  options: {
    media: null,
    buttons: [ [Object], [Object] ],
    capture: true,
    child: null,
    delay: 0,
    nested: [],
    keyword: {},
    callback: true
  },
  refSerialize: '47810cd2863814d5cdc9d46684fdc3f6'
}
[providerClass.sendMessage]:  {
  ref: 'ans_198a23d1-a8f1-42e5-b4d8-d42b20582871',
  keyword: 'key_01e6c715-e52a-442c-875d-e15557868dc8',
  answer: '¿Deseas agregar más productos ?',
  options: {
    media: null,
    buttons: [ [Object], [Object] ],
    capture: true,
    child: null,
    delay: 0,
    nested: [],
    keyword: {},
    callback: true
  },
  refSerialize: '47810cd2863814d5cdc9d46684fdc3f6'
}
[databaseClass.save]:  {
  ref: 'ans_198a23d1-a8f1-42e5-b4d8-d42b20582871',
  keyword: 'key_01e6c715-e52a-442c-875d-e15557868dc8',
  answer: '¿Deseas agregar más productos ?',
  options: {
    media: null,
    buttons: [ [Object], [Object] ],
    capture: true,
    child: null,
    delay: 0,
    nested: [],
    keyword: {},
    callback: true
  },
  refSerialize: '47810cd2863814d5cdc9d46684fdc3f6'
}
[handleMsg]:  { type: 'text', from: '573007786993', to: '15551013810', body: '2' }
[sendProviderAndSave]:  {
  ref: 'ans_101b5709-9aa2-47f3-8a2c-2ca019d37675',
  keyword: 'key_bee93df3-972a-4dc7-9629-9fdf32db3765',
  answer: 'Su pedido ha sido tomado pero será verificado',
  options: {
    media: null,
    buttons: [],
    capture: false,
    child: null,
    delay: 0,
    nested: [],
    keyword: {},
    callback: true
  },
  refSerialize: 'd831e4ea3237e7ac2ce18cc653ff5e72'
}
[providerClass.sendMessage]:  {
  ref: 'ans_101b5709-9aa2-47f3-8a2c-2ca019d37675',
  keyword: 'key_bee93df3-972a-4dc7-9629-9fdf32db3765',
  answer: 'Su pedido ha sido tomado pero será verificado',
  options: {
    media: null,
    buttons: [],
    capture: false,
    child: null,
    delay: 0,
    nested: [],
    keyword: {},
    callback: true
  },
  refSerialize: 'd831e4ea3237e7ac2ce18cc653ff5e72'
}
[databaseClass.save]:  {
  ref: 'ans_101b5709-9aa2-47f3-8a2c-2ca019d37675',
  keyword: 'key_bee93df3-972a-4dc7-9629-9fdf32db3765',
  answer: 'Su pedido ha sido tomado pero será verificado',
  options: {
    media: null,
    buttons: [],
    capture: false,
    child: null,
    delay: 0,
    nested: [],
    keyword: {},
    callback: true
  },
  refSerialize: 'd831e4ea3237e7ac2ce18cc653ff5e72'
}
[sendProviderAndSave]:  {
  ref: '422bd0af-55f2-4297-b59d-f840e088a0ad',
  keyword: undefined,
  answer: 'Su número de seguimiento es *21*\n' +
    ' X 12 CM-EMPANADA MEDIANA *Subtotal:* 5 x 3100 =  15500\n' +
    'HORNEABLE * 13 CM *Subtotal:* 2 x 3800 =  7600\n' +
    ' \n' +
    ' *TOTAL*: $ 23100',
  options: { media: null, buttons: [], capture: false, delay: 0 },
  from: '573007786993',
  refSerialize: '377f23bc92410d10714051d8c86ae133'
}
[providerClass.sendMessage]:  {
  ref: '422bd0af-55f2-4297-b59d-f840e088a0ad',
  keyword: undefined,
  answer: 'Su número de seguimiento es *21*\n' +
    ' X 12 CM-EMPANADA MEDIANA *Subtotal:* 5 x 3100 =  15500\n' +
    'HORNEABLE * 13 CM *Subtotal:* 2 x 3800 =  7600\n' +
    ' \n' +
    ' *TOTAL*: $ 23100',
  options: { media: null, buttons: [], capture: false, delay: 0 },
  from: '573007786993',
  refSerialize: '377f23bc92410d10714051d8c86ae133'
}
[databaseClass.save]:  {
  ref: '422bd0af-55f2-4297-b59d-f840e088a0ad',
  keyword: undefined,
  answer: 'Su número de seguimiento es *21*\n' +
    ' X 12 CM-EMPANADA MEDIANA *Subtotal:* 5 x 3100 =  15500\n' +
    'HORNEABLE * 13 CM *Subtotal:* 2 x 3800 =  7600\n' +
    ' \n' +
    ' *TOTAL*: $ 23100',
  options: { media: null, buttons: [], capture: false, delay: 0 },
  from: '573007786993',
  refSerialize: '377f23bc92410d10714051d8c86ae133'
}
[handleMsg]:  { type: 'text', from: '573007786993', to: '15551013810', body: '1' }
[sendQueue_A]:  {
  ref: 'ans_0db45054-e78d-458b-97fa-b1aa1faf2caf',
  keyword: 'key_6d418535-3e70-4668-b562-9bb04601229e',
  answer: 'Hola 👋 soy *Guía Bot* 🤖 de Practipastas.',
  options: {
    media: null,
    buttons: [],
    capture: false,
    child: null,
    delay: 0,
    nested: [
      [Object], [Object],
      [Object], [Object],
      [Object], [Object],
      [Object], [Object],
      [Object], [Object]
    ],
    keyword: {},
    callback: true
  },
  refSerialize: 'ea7e0698b16d99a992b14252c945292e'
}
[sendProviderAndSave]:  {
  ref: 'ans_0db45054-e78d-458b-97fa-b1aa1faf2caf',
  keyword: 'key_6d418535-3e70-4668-b562-9bb04601229e',
  answer: 'Hola 👋 soy *Guía Bot* 🤖 de Practipastas.',
  options: {
    media: null,
    buttons: [],
    capture: false,
    child: null,
    delay: 0,
    nested: [
      [Object], [Object],
      [Object], [Object],
      [Object], [Object],
      [Object], [Object],
      [Object], [Object]
    ],
    keyword: {},
    callback: true
  },
  refSerialize: 'ea7e0698b16d99a992b14252c945292e'
}
[providerClass.sendMessage]:  {
  ref: 'ans_0db45054-e78d-458b-97fa-b1aa1faf2caf',
  keyword: 'key_6d418535-3e70-4668-b562-9bb04601229e',
  answer: 'Hola 👋 soy *Guía Bot* 🤖 de Practipastas.',
  options: {
    media: null,
    buttons: [],
    capture: false,
    child: null,
    delay: 0,
    nested: [
      [Object], [Object],
      [Object], [Object],
      [Object], [Object],
      [Object], [Object],
      [Object], [Object]
    ],
    keyword: {},
    callback: true
  },
  refSerialize: 'ea7e0698b16d99a992b14252c945292e'
}
[databaseClass.save]:  {
  ref: 'ans_0db45054-e78d-458b-97fa-b1aa1faf2caf',
  keyword: 'key_6d418535-3e70-4668-b562-9bb04601229e',
  answer: 'Hola 👋 soy *Guía Bot* 🤖 de Practipastas.',
  options: {
    media: null,
    buttons: [],
    capture: false,
    child: null,
    delay: 0,
    nested: [
      [Object], [Object],
      [Object], [Object],
      [Object], [Object],
      [Object], [Object],
      [Object], [Object]
    ],
    keyword: {},
    callback: true
  },
  refSerialize: 'ea7e0698b16d99a992b14252c945292e'
}
[QUEUE_SE_ENVIO]:  {
  ref: 'ans_0db45054-e78d-458b-97fa-b1aa1faf2caf',
  keyword: 'key_6d418535-3e70-4668-b562-9bb04601229e',
  answer: 'Hola 👋 soy *Guía Bot* 🤖 de Practipastas.',
  options: {
    media: null,
    buttons: [],
    capture: false,
    child: null,
    delay: 0,
    nested: [
      [Object], [Object],
      [Object], [Object],
      [Object], [Object],
      [Object], [Object],
      [Object], [Object]
    ],
    keyword: {},
    callback: true
  },
  refSerialize: 'ea7e0698b16d99a992b14252c945292e'
}
